[     347ms] [ERROR] Failed to load resource: the server responded with a status of 500 (Internal Server Error) @ http://localhost:3000/:0
[    1875ms] Error: ENOENT: no such file or directory, open '/Users/yoav/Kinneret-deck/.next/server/app/page.js'
    at Object.readFileSync (node:fs:441:20)
    at getMaybeCachedSource (node:internal/modules/cjs/loader:1569:18)
    at Module._extensions..js (node:internal/modules/cjs/loader:1652:19)
    at Module.load (node:internal/modules/cjs/loader:1317:32)
    at Module._load (node:internal/modules/cjs/loader:1127:12)
    at TracingChannel.traceSync (node:diagnostics_channel:315:14)
    at wrapModuleLoad (node:internal/modules/cjs/loader:217:24)
    at Module.require (node:internal/modules/cjs/loader:1339:12)
    at mod.require (file:///Users/yoav/Kinneret-deck/node_modules/next/dist/server/require-hook.js:68:28)
    at require (node:internal/modules/helpers:126:16)
    at requirePage (file:///Users/yoav/Kinneret-deck/node_modules/next/dist/server/require.js:99:80)
    at loadComponentsImpl (file:///Users/yoav/Kinneret-deck/node_modules/next/dist/server/load-components.js:132:57)
    at async DevServer.findPageComponentsImpl (file:///Users/yoav/Kinneret-deck/node_modules/next/dist/server/next-server.js:899:36)
    at async DevServer.findPageComponents (file:///Users/yoav/Kinneret-deck/node_modules/next/dist/server/dev/next-dev-server.js:706:16)
    at async DevServer.renderPageComponent (file:///Users/yoav/Kinneret-deck/node_modules/next/dist/server/base-server.js:1460:24)
    at async DevServer.renderToResponseImpl (file:///Users/yoav/Kinneret-deck/node_modules/next/dist/server/base-server.js:1514:32)
    at async DevServer.pipeImpl (file:///Users/yoav/Kinneret-deck/node_modules/next/dist/server/base-server.js:1025:25)
    at async NextNodeServer.handleCatchallRenderRequest (file:///Users/yoav/Kinneret-deck/node_modules/next/dist/server/next-server.js:393:17)
    at async DevServer.handleRequestImpl (file:///Users/yoav/Kinneret-deck/node_modules/next/dist/server/base-server.js:916:17)
    at async (file:///Users/yoav/Kinneret-deck/node_modules/next/dist/server/dev/next-dev-server.js:400:20)
    at async Span.traceAsyncFn (file:///Users/yoav/Kinneret-deck/node_modules/next/dist/trace/trace.js:157:20)
    at async DevServer.handleRequest (file:///Users/yoav/Kinneret-deck/node_modules/next/dist/server/dev/next-dev-server.js:396:24)
    at async invokeRender (file:///Users/yoav/Kinneret-deck/node_modules/next/dist/server/lib/router-server.js:240:21)
    at async handleRequest (file:///Users/yoav/Kinneret-deck/node_modules/next/dist/server/lib/router-server.js:437:24)
    at async requestHandlerImpl (file:///Users/yoav/Kinneret-deck/node_modules/next/dist/server/lib/router-server.js:485:13)
    at async Server.requestListener (file:///Users/yoav/Kinneret-deck/node_modules/next/dist/server/lib/start-server.js:226:13)
[    2372ms] [WARNING] [Fast Refresh] performing full reload because your application had an unrecoverable error @ webpack-internal:///(pages-dir-browser)/./node_modules/next/dist/client/dev/hot-reloader/pages/hot-reloader-pages.js:347
[    2840ms] [ERROR] Failed to load resource: the server responded with a status of 500 (Internal Server Error) @ http://localhost:3000/:0
[    4423ms] Error: ENOENT: no such file or directory, open '/Users/yoav/Kinneret-deck/.next/server/app/page.js'
    at Object.readFileSync (node:fs:441:20)
    at getMaybeCachedSource (node:internal/modules/cjs/loader:1569:18)
    at Module._extensions..js (node:internal/modules/cjs/loader:1652:19)
    at Module.load (node:internal/modules/cjs/loader:1317:32)
    at Module._load (node:internal/modules/cjs/loader:1127:12)
    at TracingChannel.traceSync (node:diagnostics_channel:315:14)
    at wrapModuleLoad (node:internal/modules/cjs/loader:217:24)
    at Module.require (node:internal/modules/cjs/loader:1339:12)
    at mod.require (file:///Users/yoav/Kinneret-deck/node_modules/next/dist/server/require-hook.js:68:28)
    at require (node:internal/modules/helpers:126:16)
    at requirePage (file:///Users/yoav/Kinneret-deck/node_modules/next/dist/server/require.js:99:80)
    at loadComponentsImpl (file:///Users/yoav/Kinneret-deck/node_modules/next/dist/server/load-components.js:132:57)
    at async DevServer.findPageComponentsImpl (file:///Users/yoav/Kinneret-deck/node_modules/next/dist/server/next-server.js:899:36)
    at async DevServer.findPageComponents (file:///Users/yoav/Kinneret-deck/node_modules/next/dist/server/dev/next-dev-server.js:706:16)
    at async DevServer.renderPageComponent (file:///Users/yoav/Kinneret-deck/node_modules/next/dist/server/base-server.js:1460:24)
    at async DevServer.renderToResponseImpl (file:///Users/yoav/Kinneret-deck/node_modules/next/dist/server/base-server.js:1514:32)
    at async DevServer.pipeImpl (file:///Users/yoav/Kinneret-deck/node_modules/next/dist/server/base-server.js:1025:25)
    at async NextNodeServer.handleCatchallRenderRequest (file:///Users/yoav/Kinneret-deck/node_modules/next/dist/server/next-server.js:393:17)
    at async DevServer.handleRequestImpl (file:///Users/yoav/Kinneret-deck/node_modules/next/dist/server/base-server.js:916:17)
    at async (file:///Users/yoav/Kinneret-deck/node_modules/next/dist/server/dev/next-dev-server.js:400:20)
    at async Span.traceAsyncFn (file:///Users/yoav/Kinneret-deck/node_modules/next/dist/trace/trace.js:157:20)
    at async DevServer.handleRequest (file:///Users/yoav/Kinneret-deck/node_modules/next/dist/server/dev/next-dev-server.js:396:24)
    at async invokeRender (file:///Users/yoav/Kinneret-deck/node_modules/next/dist/server/lib/router-server.js:240:21)
    at async handleRequest (file:///Users/yoav/Kinneret-deck/node_modules/next/dist/server/lib/router-server.js:437:24)
    at async requestHandlerImpl (file:///Users/yoav/Kinneret-deck/node_modules/next/dist/server/lib/router-server.js:485:13)
    at async Server.requestListener (file:///Users/yoav/Kinneret-deck/node_modules/next/dist/server/lib/start-server.js:226:13)
[    6760ms] [ERROR] Failed to load resource: the server responded with a status of 500 (Internal Server Error) @ http://localhost:3000/:0
[    9776ms] Error: ENOENT: no such file or directory, open '/Users/yoav/Kinneret-deck/.next/server/app/page.js'
    at Object.readFileSync (node:fs:441:20)
    at getMaybeCachedSource (node:internal/modules/cjs/loader:1569:18)
    at Module._extensions..js (node:internal/modules/cjs/loader:1652:19)
    at Module.load (node:internal/modules/cjs/loader:1317:32)
    at Module._load (node:internal/modules/cjs/loader:1127:12)
    at TracingChannel.traceSync (node:diagnostics_channel:315:14)
    at wrapModuleLoad (node:internal/modules/cjs/loader:217:24)
    at Module.require (node:internal/modules/cjs/loader:1339:12)
    at mod.require (file:///Users/yoav/Kinneret-deck/node_modules/next/dist/server/require-hook.js:68:28)
    at require (node:internal/modules/helpers:126:16)
    at requirePage (file:///Users/yoav/Kinneret-deck/node_modules/next/dist/server/require.js:99:80)
    at loadComponentsImpl (file:///Users/yoav/Kinneret-deck/node_modules/next/dist/server/load-components.js:132:57)
    at async DevServer.findPageComponentsImpl (file:///Users/yoav/Kinneret-deck/node_modules/next/dist/server/next-server.js:899:36)
    at async DevServer.findPageComponents (file:///Users/yoav/Kinneret-deck/node_modules/next/dist/server/dev/next-dev-server.js:706:16)
    at async DevServer.renderPageComponent (file:///Users/yoav/Kinneret-deck/node_modules/next/dist/server/base-server.js:1460:24)
    at async DevServer.renderToResponseImpl (file:///Users/yoav/Kinneret-deck/node_modules/next/dist/server/base-server.js:1514:32)
    at async DevServer.pipeImpl (file:///Users/yoav/Kinneret-deck/node_modules/next/dist/server/base-server.js:1025:25)
    at async NextNodeServer.handleCatchallRenderRequest (file:///Users/yoav/Kinneret-deck/node_modules/next/dist/server/next-server.js:393:17)
    at async DevServer.handleRequestImpl (file:///Users/yoav/Kinneret-deck/node_modules/next/dist/server/base-server.js:916:17)
    at async (file:///Users/yoav/Kinneret-deck/node_modules/next/dist/server/dev/next-dev-server.js:400:20)
    at async Span.traceAsyncFn (file:///Users/yoav/Kinneret-deck/node_modules/next/dist/trace/trace.js:157:20)
    at async DevServer.handleRequest (file:///Users/yoav/Kinneret-deck/node_modules/next/dist/server/dev/next-dev-server.js:396:24)
    at async invokeRender (file:///Users/yoav/Kinneret-deck/node_modules/next/dist/server/lib/router-server.js:240:21)
    at async handleRequest (file:///Users/yoav/Kinneret-deck/node_modules/next/dist/server/lib/router-server.js:437:24)
    at async requestHandlerImpl (file:///Users/yoav/Kinneret-deck/node_modules/next/dist/server/lib/router-server.js:485:13)
    at async Server.requestListener (file:///Users/yoav/Kinneret-deck/node_modules/next/dist/server/lib/start-server.js:226:13)
[   10567ms] [ERROR] Failed to load resource: the server responded with a status of 500 (Internal Server Error) @ http://localhost:3000/:0
[   12175ms] Error: ENOENT: no such file or directory, open '/Users/yoav/Kinneret-deck/.next/server/app/page.js'
    at Object.readFileSync (node:fs:441:20)
    at getMaybeCachedSource (node:internal/modules/cjs/loader:1569:18)
    at Module._extensions..js (node:internal/modules/cjs/loader:1652:19)
    at Module.load (node:internal/modules/cjs/loader:1317:32)
    at Module._load (node:internal/modules/cjs/loader:1127:12)
    at TracingChannel.traceSync (node:diagnostics_channel:315:14)
    at wrapModuleLoad (node:internal/modules/cjs/loader:217:24)
    at Module.require (node:internal/modules/cjs/loader:1339:12)
    at mod.require (file:///Users/yoav/Kinneret-deck/node_modules/next/dist/server/require-hook.js:68:28)
    at require (node:internal/modules/helpers:126:16)
    at requirePage (file:///Users/yoav/Kinneret-deck/node_modules/next/dist/server/require.js:99:80)
    at loadComponentsImpl (file:///Users/yoav/Kinneret-deck/node_modules/next/dist/server/load-components.js:132:57)
    at async DevServer.findPageComponentsImpl (file:///Users/yoav/Kinneret-deck/node_modules/next/dist/server/next-server.js:899:36)
    at async DevServer.findPageComponents (file:///Users/yoav/Kinneret-deck/node_modules/next/dist/server/dev/next-dev-server.js:706:16)
    at async DevServer.renderPageComponent (file:///Users/yoav/Kinneret-deck/node_modules/next/dist/server/base-server.js:1460:24)
    at async DevServer.renderToResponseImpl (file:///Users/yoav/Kinneret-deck/node_modules/next/dist/server/base-server.js:1514:32)
    at async DevServer.pipeImpl (file:///Users/yoav/Kinneret-deck/node_modules/next/dist/server/base-server.js:1025:25)
    at async NextNodeServer.handleCatchallRenderRequest (file:///Users/yoav/Kinneret-deck/node_modules/next/dist/server/next-server.js:393:17)
    at async DevServer.handleRequestImpl (file:///Users/yoav/Kinneret-deck/node_modules/next/dist/server/base-server.js:916:17)
    at async (file:///Users/yoav/Kinneret-deck/node_modules/next/dist/server/dev/next-dev-server.js:400:20)
    at async Span.traceAsyncFn (file:///Users/yoav/Kinneret-deck/node_modules/next/dist/trace/trace.js:157:20)
    at async DevServer.handleRequest (file:///Users/yoav/Kinneret-deck/node_modules/next/dist/server/dev/next-dev-server.js:396:24)
    at async invokeRender (file:///Users/yoav/Kinneret-deck/node_modules/next/dist/server/lib/router-server.js:240:21)
    at async handleRequest (file:///Users/yoav/Kinneret-deck/node_modules/next/dist/server/lib/router-server.js:437:24)
    at async requestHandlerImpl (file:///Users/yoav/Kinneret-deck/node_modules/next/dist/server/lib/router-server.js:485:13)
    at async Server.requestListener (file:///Users/yoav/Kinneret-deck/node_modules/next/dist/server/lib/start-server.js:226:13)
[   13115ms] [WARNING] [Fast Refresh] performing full reload

Fast Refresh will perform a full reload when you edit a file that's imported by modules outside of the React rendering tree.
You might have a file which exports a React component but also exports a value that is imported by a non-React component file.
Consider migrating the non-React component export to a separate file and importing it into both files.

It is also possible the parent component of the component you edited is a class component, which disables Fast Refresh.
Fast Refresh requires at least one parent function component in your React tree. @ webpack-internal:///(pages-dir-browser)/./node_modules/next/dist/client/dev/hot-reloader/pages/hot-reloader-pages.js:345
[   13117ms] [ERROR] Failed to load resource: the server responded with a status of 500 (Internal Server Error) @ http://localhost:3000/:0
[   14716ms] Error: ENOENT: no such file or directory, open '/Users/yoav/Kinneret-deck/.next/server/app/page.js'
    at Object.readFileSync (node:fs:441:20)
    at getMaybeCachedSource (node:internal/modules/cjs/loader:1569:18)
    at Module._extensions..js (node:internal/modules/cjs/loader:1652:19)
    at Module.load (node:internal/modules/cjs/loader:1317:32)
    at Module._load (node:internal/modules/cjs/loader:1127:12)
    at TracingChannel.traceSync (node:diagnostics_channel:315:14)
    at wrapModuleLoad (node:internal/modules/cjs/loader:217:24)
    at Module.require (node:internal/modules/cjs/loader:1339:12)
    at mod.require (file:///Users/yoav/Kinneret-deck/node_modules/next/dist/server/require-hook.js:68:28)
    at require (node:internal/modules/helpers:126:16)
    at requirePage (file:///Users/yoav/Kinneret-deck/node_modules/next/dist/server/require.js:99:80)
    at loadComponentsImpl (file:///Users/yoav/Kinneret-deck/node_modules/next/dist/server/load-components.js:132:57)
    at async DevServer.findPageComponentsImpl (file:///Users/yoav/Kinneret-deck/node_modules/next/dist/server/next-server.js:899:36)
    at async DevServer.findPageComponents (file:///Users/yoav/Kinneret-deck/node_modules/next/dist/server/dev/next-dev-server.js:706:16)
    at async DevServer.renderPageComponent (file:///Users/yoav/Kinneret-deck/node_modules/next/dist/server/base-server.js:1460:24)
    at async DevServer.renderToResponseImpl (file:///Users/yoav/Kinneret-deck/node_modules/next/dist/server/base-server.js:1514:32)
    at async DevServer.pipeImpl (file:///Users/yoav/Kinneret-deck/node_modules/next/dist/server/base-server.js:1025:25)
    at async NextNodeServer.handleCatchallRenderRequest (file:///Users/yoav/Kinneret-deck/node_modules/next/dist/server/next-server.js:393:17)
    at async DevServer.handleRequestImpl (file:///Users/yoav/Kinneret-deck/node_modules/next/dist/server/base-server.js:916:17)
    at async (file:///Users/yoav/Kinneret-deck/node_modules/next/dist/server/dev/next-dev-server.js:400:20)
    at async Span.traceAsyncFn (file:///Users/yoav/Kinneret-deck/node_modules/next/dist/trace/trace.js:157:20)
    at async DevServer.handleRequest (file:///Users/yoav/Kinneret-deck/node_modules/next/dist/server/dev/next-dev-server.js:396:24)
    at async invokeRender (file:///Users/yoav/Kinneret-deck/node_modules/next/dist/server/lib/router-server.js:240:21)
    at async handleRequest (file:///Users/yoav/Kinneret-deck/node_modules/next/dist/server/lib/router-server.js:437:24)
    at async requestHandlerImpl (file:///Users/yoav/Kinneret-deck/node_modules/next/dist/server/lib/router-server.js:485:13)
    at async Server.requestListener (file:///Users/yoav/Kinneret-deck/node_modules/next/dist/server/lib/start-server.js:226:13)
[   16146ms] [WARNING] [Fast Refresh] performing full reload

Fast Refresh will perform a full reload when you edit a file that's imported by modules outside of the React rendering tree.
You might have a file which exports a React component but also exports a value that is imported by a non-React component file.
Consider migrating the non-React component export to a separate file and importing it into both files.

It is also possible the parent component of the component you edited is a class component, which disables Fast Refresh.
Fast Refresh requires at least one parent function component in your React tree. @ webpack-internal:///(pages-dir-browser)/./node_modules/next/dist/client/dev/hot-reloader/pages/hot-reloader-pages.js:345
[   16150ms] [ERROR] Failed to load resource: the server responded with a status of 500 (Internal Server Error) @ http://localhost:3000/:0
